2025-07-04 03:17:50 [HikariPool-1 housekeeper] WARN  com.zaxxer.hikari.pool.HikariPool - HikariPool-1 - Thread starvation or clock leap detected (housekeeper delta=3h39m22s10ms72µs).
2025-07-04 07:05:51 [HikariPool-1 housekeeper] WARN  com.zaxxer.hikari.pool.HikariPool - HikariPool-1 - Thread starvation or clock leap detected (housekeeper delta=3h48m677ms986µs400ns).
2025-07-04 09:24:54 [HikariPool-1 housekeeper] WARN  com.zaxxer.hikari.pool.HikariPool - HikariPool-1 - Thread starvation or clock leap detected (housekeeper delta=2h16m33s240ms28µs300ns).
2025-07-04 10:40:25 [HikariPool-1 housekeeper] WARN  com.zaxxer.hikari.pool.HikariPool - HikariPool-1 - Thread starvation or clock leap detected (housekeeper delta=45m29s791ms300µs500ns).
2025-07-04 11:28:03 [http-nio-8082-exec-9] INFO  com.inet.service.SchoolService - Getting all schools
2025-07-04 11:28:07 [http-nio-8082-exec-1] INFO  com.inet.service.SchoolService - Getting all schools
2025-07-04 11:28:11 [http-nio-8082-exec-6] INFO  com.inet.service.SchoolService - Getting all schools
2025-07-04 11:28:13 [http-nio-8082-exec-9] INFO  com.inet.service.SchoolService - Getting all schools
2025-07-04 11:28:13 [http-nio-8082-exec-9] INFO  com.inet.service.ClassroomService - Getting all classrooms
2025-07-04 11:28:15 [http-nio-8082-exec-9] INFO  c.inet.controller.DeviceController - 현재 페이지: 1, 장비 수: 16, 전체 장비 수: 632
2025-07-04 11:28:15 [http-nio-8082-exec-1] INFO  com.inet.service.ClassroomService - Getting all classrooms
2025-07-04 11:28:17 [http-nio-8082-exec-7] INFO  com.inet.service.SchoolService - Getting all schools
2025-07-04 11:28:49 [http-nio-8082-exec-8] INFO  com.inet.service.FloorPlanService - 학교 4의 교실 79개 조회 완료
2025-07-04 11:28:54 [http-nio-8082-exec-2] INFO  com.inet.service.SchoolService - Getting all schools
2025-07-04 11:46:53 [http-nio-8082-exec-5] INFO  com.inet.service.SchoolService - Getting all schools
2025-07-04 11:46:55 [http-nio-8082-exec-1] INFO  com.inet.service.SchoolService - Getting all schools
2025-07-04 11:46:58 [http-nio-8082-exec-6] INFO  com.inet.service.FloorPlanService - 학교 4의 교실 79개 조회 완료
2025-07-04 11:47:15 [restartedMain] INFO  com.inet.INETApplication - Starting INETApplication using Java 21.0.7 with PID 28824 (C:\Users\PC\Documents\GitHub\INET\build\classes\java\main started by PC in C:\Users\PC\Documents\GitHub\INET)
2025-07-04 11:47:15 [restartedMain] DEBUG com.inet.INETApplication - Running with Spring Boot v3.2.3, Spring v6.1.4
2025-07-04 11:47:15 [restartedMain] INFO  com.inet.INETApplication - No active profile set, falling back to 1 default profile: "default"
2025-07-04 11:47:15 [restartedMain] INFO  o.s.b.d.e.DevToolsPropertyDefaultsPostProcessor - Devtools property defaults active! Set 'spring.devtools.add-properties' to 'false' to disable
2025-07-04 11:47:15 [restartedMain] INFO  o.s.b.d.e.DevToolsPropertyDefaultsPostProcessor - For additional web related logging consider setting the 'logging.level.web' property to 'DEBUG'
2025-07-04 11:47:16 [restartedMain] INFO  o.s.d.r.c.RepositoryConfigurationDelegate - Bootstrapping Spring Data JPA repositories in DEFAULT mode.
2025-07-04 11:47:16 [restartedMain] INFO  o.s.d.r.c.RepositoryConfigurationDelegate - Finished Spring Data repository scanning in 72 ms. Found 12 JPA repository interfaces.
2025-07-04 11:47:17 [restartedMain] INFO  o.s.b.w.e.tomcat.TomcatWebServer - Tomcat initialized with port 8082 (http)
2025-07-04 11:47:17 [restartedMain] INFO  o.a.catalina.core.StandardService - Starting service [Tomcat]
2025-07-04 11:47:17 [restartedMain] INFO  o.a.catalina.core.StandardEngine - Starting Servlet engine: [Apache Tomcat/10.1.19]
2025-07-04 11:47:17 [restartedMain] INFO  o.a.c.c.C.[Tomcat].[localhost].[/] - Initializing Spring embedded WebApplicationContext
2025-07-04 11:47:17 [restartedMain] INFO  o.s.b.w.s.c.ServletWebServerApplicationContext - Root WebApplicationContext: initialization completed in 1748 ms
2025-07-04 11:47:17 [restartedMain] INFO  com.zaxxer.hikari.HikariDataSource - HikariPool-1 - Starting...
2025-07-04 11:47:17 [restartedMain] INFO  com.zaxxer.hikari.pool.HikariPool - HikariPool-1 - Added connection com.mysql.cj.jdbc.ConnectionImpl@43877859
2025-07-04 11:47:17 [restartedMain] INFO  com.zaxxer.hikari.HikariDataSource - HikariPool-1 - Start completed.
2025-07-04 11:47:17 [restartedMain] INFO  o.h.jpa.internal.util.LogHelper - HHH000204: Processing PersistenceUnitInfo [name: default]
2025-07-04 11:47:17 [restartedMain] INFO  org.hibernate.Version - HHH000412: Hibernate ORM core version 6.4.4.Final
2025-07-04 11:47:17 [restartedMain] INFO  o.h.c.i.RegionFactoryInitiator - HHH000026: Second-level cache disabled
2025-07-04 11:47:18 [restartedMain] INFO  o.s.o.j.p.SpringPersistenceUnitInfo - No LoadTimeWeaver setup: ignoring JPA class transformer
2025-07-04 11:47:18 [restartedMain] WARN  org.hibernate.orm.deprecation - HHH90000025: MySQL8Dialect does not need to be specified explicitly using 'hibernate.dialect' (remove the property setting and it will be selected by default)
2025-07-04 11:47:18 [restartedMain] WARN  org.hibernate.orm.deprecation - HHH90000026: MySQL8Dialect has been deprecated; use org.hibernate.dialect.MySQLDialect instead
2025-07-04 11:47:19 [restartedMain] INFO  o.h.e.t.j.p.i.JtaPlatformInitiator - HHH000489: No JTA platform available (set 'hibernate.transaction.jta.platform' to enable JTA platform integration)
2025-07-04 11:47:19 [restartedMain] INFO  o.s.o.j.LocalContainerEntityManagerFactoryBean - Initialized JPA EntityManagerFactory for persistence unit 'default'
2025-07-04 11:47:19 [restartedMain] INFO  o.s.d.j.r.query.QueryEnhancerFactory - Hibernate is in classpath; If applicable, HQL parser will be used.
2025-07-04 11:47:20 [restartedMain] WARN  o.s.b.a.o.j.JpaBaseConfiguration$JpaWebConfiguration - spring.jpa.open-in-view is enabled by default. Therefore, database queries may be performed during view rendering. Explicitly configure spring.jpa.open-in-view to disable this warning
2025-07-04 11:47:20 [restartedMain] WARN  o.s.b.a.s.s.UserDetailsServiceAutoConfiguration - 

Using generated security password: ebcfcebd-1d42-4382-8140-2c84fe6c279b

This generated password is for development use only. Your security configuration must be updated before running your application in production.

2025-07-04 11:47:20 [restartedMain] INFO  o.s.b.a.w.s.WelcomePageHandlerMapping - Adding welcome page template: index
2025-07-04 11:47:20 [restartedMain] INFO  o.s.s.web.DefaultSecurityFilterChain - Will secure any request with [org.springframework.security.web.session.DisableEncodeUrlFilter@7479b, org.springframework.security.web.context.request.async.WebAsyncManagerIntegrationFilter@6828ef19, org.springframework.security.web.context.SecurityContextHolderFilter@32d4b22a, org.springframework.security.web.header.HeaderWriterFilter@6c28ebb0, org.springframework.web.filter.CorsFilter@6cbeb691, org.springframework.security.web.authentication.logout.LogoutFilter@370d8a9, org.springframework.security.web.savedrequest.RequestCacheAwareFilter@8c047b6, org.springframework.security.web.servletapi.SecurityContextHolderAwareRequestFilter@476a20b1, org.springframework.security.web.authentication.AnonymousAuthenticationFilter@52372c3c, org.springframework.security.web.access.ExceptionTranslationFilter@63b92ba8, org.springframework.security.web.access.intercept.AuthorizationFilter@8fc177d]
2025-07-04 11:47:21 [restartedMain] INFO  o.s.b.d.a.OptionalLiveReloadServer - LiveReload server is running on port 35729
2025-07-04 11:47:21 [restartedMain] INFO  o.s.b.w.e.tomcat.TomcatWebServer - Tomcat started on port 8082 (http) with context path ''
2025-07-04 11:47:21 [restartedMain] INFO  com.inet.INETApplication - Started INETApplication in 5.962 seconds (process running for 6.585)
2025-07-04 11:47:45 [http-nio-8082-exec-2] INFO  o.a.c.c.C.[Tomcat].[localhost].[/] - Initializing Spring DispatcherServlet 'dispatcherServlet'
2025-07-04 11:47:45 [http-nio-8082-exec-2] INFO  o.s.web.servlet.DispatcherServlet - Initializing Servlet 'dispatcherServlet'
2025-07-04 11:47:45 [http-nio-8082-exec-2] INFO  o.s.web.servlet.DispatcherServlet - Completed initialization in 0 ms
2025-07-04 11:47:45 [http-nio-8082-exec-2] INFO  com.inet.service.SchoolService - Getting all schools
2025-07-04 11:47:47 [http-nio-8082-exec-6] INFO  com.inet.service.FloorPlanService - 학교 4의 교실 79개 조회 완료
2025-07-04 11:48:01 [http-nio-8082-exec-7] INFO  com.inet.service.SchoolService - Getting all schools
2025-07-04 11:48:04 [http-nio-8082-exec-2] INFO  com.inet.service.FloorPlanService - 학교 4의 교실 79개 조회 완료
2025-07-04 14:58:48 [HikariPool-1 housekeeper] WARN  com.zaxxer.hikari.pool.HikariPool - HikariPool-1 - Thread starvation or clock leap detected (housekeeper delta=1h39m29s311ms505µs700ns).
2025-07-04 17:25:40 [HikariPool-1 housekeeper] WARN  com.zaxxer.hikari.pool.HikariPool - HikariPool-1 - Thread starvation or clock leap detected (housekeeper delta=1h23m20s611ms95µs500ns).
2025-07-04 20:11:21 [HikariPool-1 housekeeper] WARN  com.zaxxer.hikari.pool.HikariPool - HikariPool-1 - Thread starvation or clock leap detected (housekeeper delta=2h45m41s286ms578µs700ns).
2025-07-04 20:27:05 [http-nio-8082-exec-5] INFO  com.inet.service.SchoolService - Getting all schools
2025-07-04 20:27:09 [http-nio-8082-exec-10] INFO  com.inet.service.FloorPlanService - 학교 4의 교실 79개 조회 완료
2025-07-04 20:27:54 [http-nio-8082-exec-1] INFO  com.inet.service.SchoolService - Getting all schools
2025-07-04 20:28:03 [http-nio-8082-exec-5] INFO  com.inet.service.SchoolService - Getting all schools
2025-07-04 20:28:05 [http-nio-8082-exec-10] INFO  com.inet.service.FloorPlanService - 학교 4의 교실 79개 조회 완료
2025-07-04 20:28:06 [http-nio-8082-exec-1] INFO  com.inet.service.SchoolService - Getting all schools
2025-07-04 20:28:09 [http-nio-8082-exec-6] INFO  com.inet.service.FloorPlanService - 학교 4의 교실 79개 조회 완료
2025-07-04 20:35:35 [http-nio-8082-exec-10] INFO  com.inet.service.SchoolService - Getting all schools
2025-07-04 20:35:43 [http-nio-8082-exec-5] INFO  com.inet.service.FloorPlanService - 학교 4의 교실 79개 조회 완료
